2025-05-31 00:59:02,358 - INFO - Starting auto git push daemon
2025-05-31 00:59:02,358 - INFO - Will check for changes and push every 1-2 hours (random interval)
2025-05-31 00:59:02,358 - INFO - Press Ctrl+C to stop
2025-05-31 00:59:02,358 - INFO - Starting auto git push at 2025-05-31 00:59:02
2025-05-31 00:59:02,369 - INFO - Found changes:
 M auto_git_push.log
 M auto_git_push_output.log
?? auto_git_push.pid

2025-05-31 00:59:02,381 - INFO - Added all changes
2025-05-31 00:59:02,391 - INFO - Committed changes with message: Auto commit - 2025-05-31 00:59:02
2025-05-31 00:59:03,584 - INFO - Successfully pushed changes to remote repository
2025-05-31 00:59:03,584 - INFO - Waiting 1.22 hours until next push...
2025-05-31 02:12:20,686 - INFO - Starting auto git push at 2025-05-31 02:12:20
2025-05-31 02:12:20,724 - INFO - Found changes:
 M auto_git_push.log
 M auto_git_push_output.log
 M comparison_experiment.py
 M config.yaml
?? test_domain_generalization_viz.py

2025-05-31 02:12:20,739 - INFO - Added all changes
2025-05-31 02:12:20,749 - INFO - Committed changes with message: Auto commit - 2025-05-31 02:12:20
2025-05-31 02:12:22,047 - INFO - Successfully pushed changes to remote repository
2025-05-31 02:12:22,047 - INFO - Waiting 1.48 hours until next push...
2025-05-31 03:41:11,146 - INFO - Starting auto git push at 2025-05-31 03:41:11
2025-05-31 03:41:11,155 - INFO - Found changes:
 M auto_git_push.log
 M auto_git_push_output.log
?? results/comparison_20250531_014709/

2025-05-31 03:41:11,205 - INFO - Added all changes
2025-05-31 03:41:11,215 - INFO - Committed changes with message: Auto commit - 2025-05-31 03:41:11
2025-05-31 03:41:13,352 - INFO - Successfully pushed changes to remote repository
2025-05-31 03:41:13,352 - INFO - Waiting 1.59 hours until next push...
2025-05-31 05:16:29,452 - INFO - Starting auto git push at 2025-05-31 05:16:29
2025-05-31 05:16:29,461 - INFO - Found changes:
 M auto_git_push.log
 M auto_git_push_output.log
?? results/comparison_20250531_014709/resnet18_ColoredMNIST_env0/

2025-05-31 05:16:29,518 - INFO - Added all changes
2025-05-31 05:16:29,528 - INFO - Committed changes with message: Auto commit - 2025-05-31 05:16:29
2025-05-31 05:16:32,094 - INFO - Successfully pushed changes to remote repository
2025-05-31 05:16:32,094 - INFO - Waiting 1.33 hours until next push...
2025-05-31 06:36:34,194 - INFO - Starting auto git push at 2025-05-31 06:36:34
2025-05-31 06:36:34,203 - INFO - Found changes:
 M auto_git_push.log
 M auto_git_push_output.log
?? results/comparison_20250531_014709/selfattentionresnet18_ColoredMNIST_env1/

