2025-05-30 03:39:51,316 - INFO - Starting auto git push daemon
2025-05-30 03:39:51,316 - INFO - Will check for changes and push every 30 minutes
2025-05-30 03:39:51,316 - INFO - Press Ctrl+C to stop
2025-05-30 03:39:51,316 - INFO - Starting auto git push at 2025-05-30 03:39:51
2025-05-30 03:39:51,326 - INFO - Found changes:
?? auto_git_push.log
?? auto_git_push.pid
?? auto_git_push_output.log

2025-05-30 03:39:51,337 - INFO - Added all changes
2025-05-30 03:39:51,349 - INFO - Committed changes with message: Auto commit - 2025-05-30 03:39:51
2025-05-30 03:39:52,677 - INFO - Successfully pushed changes to remote repository
2025-05-30 04:09:52,776 - INFO - Starting auto git push at 2025-05-30 04:09:52
2025-05-30 04:09:52,784 - INFO - Found changes:
 M auto_git_push.log
 M auto_git_push_output.log
?? check_auto_git_push.sh
?? status_check.sh
?? system_monitor.py

2025-05-30 04:09:52,791 - INFO - Added all changes
2025-05-30 04:09:52,799 - INFO - Committed changes with message: Auto commit - 2025-05-30 04:09:52
2025-05-30 04:09:54,118 - INFO - Successfully pushed changes to remote repository
2025-05-30 04:39:54,123 - INFO - Starting auto git push at 2025-05-30 04:39:54
2025-05-30 04:39:54,133 - INFO - Found changes:
 M auto_git_push.log
 M auto_git_push_output.log

2025-05-30 04:39:54,143 - INFO - Added all changes
2025-05-30 04:39:54,151 - INFO - Committed changes with message: Auto commit - 2025-05-30 04:39:54
2025-05-30 04:39:55,431 - INFO - Successfully pushed changes to remote repository
2025-05-30 05:09:55,531 - INFO - Starting auto git push at 2025-05-30 05:09:55
2025-05-30 05:09:55,539 - INFO - Found changes:
 M auto_git_push.log
 M auto_git_push_output.log

2025-05-30 05:09:55,547 - INFO - Added all changes
2025-05-30 05:09:55,555 - INFO - Committed changes with message: Auto commit - 2025-05-30 05:09:55
2025-05-30 05:09:56,840 - INFO - Successfully pushed changes to remote repository
2025-05-30 05:39:56,853 - INFO - Starting auto git push at 2025-05-30 05:39:56
2025-05-30 05:39:56,861 - INFO - Found changes:
 M auto_git_push.log
 M auto_git_push_output.log
?? results/comparison_20250530_033511/

2025-05-30 05:39:56,914 - INFO - Added all changes
2025-05-30 05:39:56,923 - INFO - Committed changes with message: Auto commit - 2025-05-30 05:39:56
2025-05-30 05:39:59,022 - INFO - Successfully pushed changes to remote repository
2025-05-30 06:09:59,122 - INFO - Starting auto git push at 2025-05-30 06:09:59
2025-05-30 06:09:59,131 - INFO - Found changes:
 M auto_git_push.log
 M auto_git_push_output.log

2025-05-30 06:09:59,139 - INFO - Added all changes
2025-05-30 06:09:59,148 - INFO - Committed changes with message: Auto commit - 2025-05-30 06:09:59
2025-05-30 06:10:00,434 - INFO - Successfully pushed changes to remote repository
2025-05-30 06:40:00,534 - INFO - Starting auto git push at 2025-05-30 06:40:00
2025-05-30 06:40:00,541 - INFO - Found changes:
 M auto_git_push.log
 M auto_git_push_output.log

2025-05-30 06:40:00,549 - INFO - Added all changes
2025-05-30 06:40:00,560 - INFO - Committed changes with message: Auto commit - 2025-05-30 06:40:00
2025-05-30 06:40:02,015 - INFO - Successfully pushed changes to remote repository
2025-05-30 07:10:02,106 - INFO - Starting auto git push at 2025-05-30 07:10:02
2025-05-30 07:10:02,114 - INFO - Found changes:
 M auto_git_push.log
 M auto_git_push_output.log

2025-05-30 07:10:02,121 - INFO - Added all changes
2025-05-30 07:10:02,128 - INFO - Committed changes with message: Auto commit - 2025-05-30 07:10:02
2025-05-30 07:10:03,543 - INFO - Successfully pushed changes to remote repository
2025-05-30 07:40:03,642 - INFO - Starting auto git push at 2025-05-30 07:40:03
2025-05-30 07:40:03,652 - INFO - Found changes:
 M auto_git_push.log
 M auto_git_push_output.log

2025-05-30 07:40:03,660 - INFO - Added all changes
2025-05-30 07:40:03,667 - INFO - Committed changes with message: Auto commit - 2025-05-30 07:40:03
2025-05-30 07:40:04,902 - INFO - Successfully pushed changes to remote repository
2025-05-30 08:10:04,923 - INFO - Starting auto git push at 2025-05-30 08:10:04
2025-05-30 08:10:04,931 - INFO - Found changes:
 M auto_git_push.log
 M auto_git_push_output.log
?? results/comparison_20250530_033511/selfattentionresnet34_ColoredMNIST_env0/

